#
# There is insufficient memory for the Java Runtime Environment to continue.
# Native memory allocation (malloc) failed to allocate 32744 bytes for Chunk::new
# Possible reasons:
#   The system is out of physical RAM or swap space
#   The process is running with CompressedOops enabled, and the Java Heap may be blocking the growth of the native heap
# Possible solutions:
#   Reduce memory load on the system
#   Increase physical memory or swap space
#   Check if swap backing store is full
#   Decrease Java heap size (-Xmx/-Xms)
#   Decrease number of Java threads
#   Decrease Java thread stack sizes (-Xss)
#   Set larger code cache with -XX:ReservedCodeCacheSize=
#   JVM is running with Zero Based Compressed Oops mode in which the Java heap is
#     placed in the first 32GB address space. The Java Heap base address is the
#     maximum limit for the native heap growth. Please use -XX:HeapBaseMinAddress
#     to set the Java Heap base and to place the Java Heap above 32GB virtual address.
# This output file may be truncated or incomplete.
#
#  Out of Memory Error (arena.cpp:184), pid=568, tid=10448
#
# JRE version: Java(TM) SE Runtime Environment (18.0+36) (build 18+36-2087)
# Java VM: Java HotSpot(TM) 64-Bit Server VM (18+36-2087, mixed mode, emulated-client, sharing, tiered, compressed oops, compressed class ptrs, g1 gc, windows-amd64)
# No core dump will be written. Minidumps are not enabled by default on client versions of Windows
#

---------------  S U M M A R Y ------------

Command Line: -Dcom.sun.management.jmxremote -Dcom.sun.management.jmxremote.port=62813 -Dcom.sun.management.jmxremote.authenticate=false -Dcom.sun.management.jmxremote.ssl=false -Djava.rmi.server.hostname=localhost -Dspring.jmx.enabled=true -Dmanagement.endpoints.jmx.exposure.include=* -Dspring.application.admin.enabled=true -XX:TieredStopAtLevel=1 -Dspring.boot.project.name=Revision_Project -Dfile.encoding=UTF-8 -XX:+ShowCodeDetailsInExceptionMessages com.app.prac.RevisionProjectApplication --spring.output.ansi.enabled=always

Host: Intel(R) Core(TM) i3-10110U CPU @ 2.10GHz, 4 cores, 11G,  Windows 10 , 64 bit Build 19041 (10.0.19041.4957)
Time: Sat Dec  7 18:40:36 2024 India Standard Time elapsed time: 0.383961 seconds (0d 0h 0m 0s)

---------------  T H R E A D  ---------------

Current thread (0x000001361ad5d570):  JavaThread "C1 CompilerThread1" daemon [_thread_in_native, id=10448, stack(0x00000025c1000000,0x00000025c1100000)]


Current CompileTask:
C1:    383  793       1       sun.security.provider.ByteArrayAccess::b2iBig64 (231 bytes)

Stack: [0x00000025c1000000,0x00000025c1100000]
Native frames: (J=compiled Java code, j=interpreted, Vv=VM code, C=native code)
V  [jvm.dll+0x69804a]
V  [jvm.dll+0x7f308d]
V  [jvm.dll+0x7f499e]
V  [jvm.dll+0x7f5053]
V  [jvm.dll+0x25ca3f]
V  [jvm.dll+0xb8c2f]
V  [jvm.dll+0xb8fa5]
V  [jvm.dll+0x1908c1]
V  [jvm.dll+0x193489]
V  [jvm.dll+0x193a80]
V  [jvm.dll+0x18b8c0]
V  [jvm.dll+0x18ada7]
V  [jvm.dll+0x19453b]
V  [jvm.dll+0x18bee8]
V  [jvm.dll+0x18f67f]
V  [jvm.dll+0x148df3]
V  [jvm.dll+0x1486cf]
V  [jvm.dll+0x148926]
V  [jvm.dll+0x147d9a]
V  [jvm.dll+0x149a81]
V  [jvm.dll+0x23e8ca]
V  [jvm.dll+0x23cbac]
V  [jvm.dll+0x7a5781]
V  [jvm.dll+0x79fbba]
V  [jvm.dll+0x696ef5]
C  [ucrtbase.dll+0x21bb2]
C  [KERNEL32.DLL+0x17374]
C  [ntdll.dll+0x4cc91]


---------------  P R O C E S S  ---------------

Threads class SMR info:
_java_thread_list=0x000001361f041400, length=13, elements={
0x0000013607182940, 0x000001361ad6f400, 0x000001361ad70850, 0x000001361ad84c80,
0x000001361ad857f0, 0x000001361ad874b0, 0x000001361ad87d60, 0x000001361ad8a620,
0x000001361adbcae0, 0x000001361adf6430, 0x000001361ad5d570, 0x000001361f03a4b0,
0x000001361f078600
}

Java Threads: ( => current thread )
  0x0000013607182940 JavaThread "main" [_thread_in_vm, id=304, stack(0x00000025c0000000,0x00000025c0100000)]
  0x000001361ad6f400 JavaThread "Reference Handler" daemon [_thread_blocked, id=16400, stack(0x00000025c0700000,0x00000025c0800000)]
  0x000001361ad70850 JavaThread "Finalizer" daemon [_thread_blocked, id=14932, stack(0x00000025c0800000,0x00000025c0900000)]
  0x000001361ad84c80 JavaThread "Signal Dispatcher" daemon [_thread_blocked, id=11176, stack(0x00000025c0900000,0x00000025c0a00000)]
  0x000001361ad857f0 JavaThread "Attach Listener" daemon [_thread_blocked, id=13740, stack(0x00000025c0a00000,0x00000025c0b00000)]
  0x000001361ad874b0 JavaThread "Service Thread" daemon [_thread_blocked, id=9484, stack(0x00000025c0b00000,0x00000025c0c00000)]
  0x000001361ad87d60 JavaThread "Monitor Deflation Thread" daemon [_thread_blocked, id=17680, stack(0x00000025c0c00000,0x00000025c0d00000)]
  0x000001361ad8a620 JavaThread "C1 CompilerThread0" daemon [_thread_in_native, id=16572, stack(0x00000025c0d00000,0x00000025c0e00000)]
  0x000001361adbcae0 JavaThread "Sweeper thread" daemon [_thread_blocked, id=13632, stack(0x00000025c0e00000,0x00000025c0f00000)]
  0x000001361adf6430 JavaThread "Common-Cleaner" daemon [_thread_blocked, id=10268, stack(0x00000025c0f00000,0x00000025c1000000)]
=>0x000001361ad5d570 JavaThread "C1 CompilerThread1" daemon [_thread_in_native, id=10448, stack(0x00000025c1000000,0x00000025c1100000)]
  0x000001361f03a4b0 JavaThread "C1 CompilerThread2" daemon [_thread_blocked, id=2708, stack(0x00000025c1100000,0x00000025c1200000)]
  0x000001361f078600 JavaThread "Notification Thread" daemon [_thread_blocked, id=12208, stack(0x00000025c1200000,0x00000025c1300000)]

Other Threads:
  0x000001361ad67d40 VMThread "VM Thread" [stack: 0x00000025c0600000,0x00000025c0700000] [id=16016]
  0x00000136071e1990 WorkerThread "GC Thread#0" [stack: 0x00000025c0100000,0x00000025c0200000] [id=17656]
  0x00000136071ef560 ConcurrentGCThread "G1 Main Marker" [stack: 0x00000025c0200000,0x00000025c0300000] [id=12316]
  0x00000136071f0600 WorkerThread "G1 Conc#0" [stack: 0x00000025c0300000,0x00000025c0400000] [id=12096]
  0x0000013607224220 ConcurrentGCThread "G1 Refine#0" [stack: 0x00000025c0400000,0x00000025c0500000] [id=9264]
  0x0000013607224a40 ConcurrentGCThread "G1 Service" [stack: 0x00000025c0500000,0x00000025c0600000] [id=12840]

Threads with active compile tasks:
C1 CompilerThread0      400  794       1       jdk.internal.org.objectweb.asm.MethodVisitor::<init> (88 bytes)
C1 CompilerThread1      400  793       1       sun.security.provider.ByteArrayAccess::b2iBig64 (231 bytes)

VM state: not at safepoint (normal execution)

VM Mutex/Monitor currently owned by a thread: None

Heap address: 0x0000000742800000, size: 3032 MB, Compressed Oops mode: Zero based, Oop shift amount: 3

CDS archive(s) mapped at: [0x0000000800000000-0x0000000800ba0000-0x0000000800ba0000), size 12189696, SharedBaseAddress: 0x0000000800000000, ArchiveRelocationMode: 0.
Compressed class space mapped at: 0x0000000800c00000-0x0000000840c00000, reserved size: 1073741824
Narrow klass base: 0x0000000800000000, Narrow klass shift: 0, Narrow klass range: 0x100000000

GC Precious Log:
 CardTable entry size: 512
 Card Set container configuration: InlinePtr #cards 4 size 8 Array Of Cards #cards 16 size 48 Howl #buckets 8 coarsen threshold 3686 Howl Bitmap #cards 512 size 80 coarsen threshold 460 Card regions per heap region 1 cards per card region 4096
 CPUs: 4 total, 4 available
 Memory: 12122M
 Large Page Support: Disabled
 NUMA Support: Disabled
 Compressed Oops: Enabled (Zero based)
 Heap Region Size: 2M
 Heap Min Capacity: 8M
 Heap Initial Capacity: 190M
 Heap Max Capacity: 3032M
 Pre-touch: Disabled
 Parallel Workers: 4
 Concurrent Workers: 1
 Concurrent Refinement Workers: 4
 Periodic GC: Disabled

Heap:
 garbage-first heap   total 194560K, used 8192K [0x0000000742800000, 0x0000000800000000)
  region size 2048K, 6 young (12288K), 0 survivors (0K)
 Metaspace       used 3355K, committed 3520K, reserved 1114112K
  class space    used 393K, committed 448K, reserved 1048576K

Heap Regions: E=young(eden), S=young(survivor), O=old, HS=humongous(starts), HC=humongous(continues), CS=collection set, F=free, OA=open archive, CA=closed archive, TAMS=top-at-mark-start (previous, next)
|   0|0x0000000742800000, 0x0000000742800000, 0x0000000742a00000|  0%| F|  |TAMS 0x0000000742800000, 0x0000000742800000| Untracked 
|   1|0x0000000742a00000, 0x0000000742a00000, 0x0000000742c00000|  0%| F|  |TAMS 0x0000000742a00000, 0x0000000742a00000| Untracked 
|   2|0x0000000742c00000, 0x0000000742c00000, 0x0000000742e00000|  0%| F|  |TAMS 0x0000000742c00000, 0x0000000742c00000| Untracked 
|   3|0x0000000742e00000, 0x0000000742e00000, 0x0000000743000000|  0%| F|  |TAMS 0x0000000742e00000, 0x0000000742e00000| Untracked 
|   4|0x0000000743000000, 0x0000000743000000, 0x0000000743200000|  0%| F|  |TAMS 0x0000000743000000, 0x0000000743000000| Untracked 
|   5|0x0000000743200000, 0x0000000743200000, 0x0000000743400000|  0%| F|  |TAMS 0x0000000743200000, 0x0000000743200000| Untracked 
|   6|0x0000000743400000, 0x0000000743400000, 0x0000000743600000|  0%| F|  |TAMS 0x0000000743400000, 0x0000000743400000| Untracked 
|   7|0x0000000743600000, 0x0000000743600000, 0x0000000743800000|  0%| F|  |TAMS 0x0000000743600000, 0x0000000743600000| Untracked 
|   8|0x0000000743800000, 0x0000000743800000, 0x0000000743a00000|  0%| F|  |TAMS 0x0000000743800000, 0x0000000743800000| Untracked 
|   9|0x0000000743a00000, 0x0000000743a00000, 0x0000000743c00000|  0%| F|  |TAMS 0x0000000743a00000, 0x0000000743a00000| Untracked 
|  10|0x0000000743c00000, 0x0000000743c00000, 0x0000000743e00000|  0%| F|  |TAMS 0x0000000743c00000, 0x0000000743c00000| Untracked 
|  11|0x0000000743e00000, 0x0000000743e00000, 0x0000000744000000|  0%| F|  |TAMS 0x0000000743e00000, 0x0000000743e00000| Untracked 
|  12|0x0000000744000000, 0x0000000744000000, 0x0000000744200000|  0%| F|  |TAMS 0x0000000744000000, 0x0000000744000000| Untracked 
|  13|0x0000000744200000, 0x0000000744200000, 0x0000000744400000|  0%| F|  |TAMS 0x0000000744200000, 0x0000000744200000| Untracked 
|  14|0x0000000744400000, 0x0000000744400000, 0x0000000744600000|  0%| F|  |TAMS 0x0000000744400000, 0x0000000744400000| Untracked 
|  15|0x0000000744600000, 0x0000000744600000, 0x0000000744800000|  0%| F|  |TAMS 0x0000000744600000, 0x0000000744600000| Untracked 
|  16|0x0000000744800000, 0x0000000744800000, 0x0000000744a00000|  0%| F|  |TAMS 0x0000000744800000, 0x0000000744800000| Untracked 
|  17|0x0000000744a00000, 0x0000000744a00000, 0x0000000744c00000|  0%| F|  |TAMS 0x0000000744a00000, 0x0000000744a00000| Untracked 
|  18|0x0000000744c00000, 0x0000000744c00000, 0x0000000744e00000|  0%| F|  |TAMS 0x0000000744c00000, 0x0000000744c00000| Untracked 
|  19|0x0000000744e00000, 0x0000000744e00000, 0x0000000745000000|  0%| F|  |TAMS 0x0000000744e00000, 0x0000000744e00000| Untracked 
|  20|0x0000000745000000, 0x0000000745000000, 0x0000000745200000|  0%| F|  |TAMS 0x0000000745000000, 0x0000000745000000| Untracked 
|  21|0x0000000745200000, 0x0000000745200000, 0x0000000745400000|  0%| F|  |TAMS 0x0000000745200000, 0x0000000745200000| Untracked 
|  22|0x0000000745400000, 0x0000000745400000, 0x0000000745600000|  0%| F|  |TAMS 0x0000000745400000, 0x0000000745400000| Untracked 
|  23|0x0000000745600000, 0x0000000745600000, 0x0000000745800000|  0%| F|  |TAMS 0x0000000745600000, 0x0000000745600000| Untracked 
|  24|0x0000000745800000, 0x0000000745800000, 0x0000000745a00000|  0%| F|  |TAMS 0x0000000745800000, 0x0000000745800000| Untracked 
|  25|0x0000000745a00000, 0x0000000745a00000, 0x0000000745c00000|  0%| F|  |TAMS 0x0000000745a00000, 0x0000000745a00000| Untracked 
|  26|0x0000000745c00000, 0x0000000745c00000, 0x0000000745e00000|  0%| F|  |TAMS 0x0000000745c00000, 0x0000000745c00000| Untracked 
|  27|0x0000000745e00000, 0x0000000745e00000, 0x0000000746000000|  0%| F|  |TAMS 0x0000000745e00000, 0x0000000745e00000| Untracked 
|  28|0x0000000746000000, 0x0000000746000000, 0x0000000746200000|  0%| F|  |TAMS 0x0000000746000000, 0x0000000746000000| Untracked 
|  29|0x0000000746200000, 0x0000000746200000, 0x0000000746400000|  0%| F|  |TAMS 0x0000000746200000, 0x0000000746200000| Untracked 
|  30|0x0000000746400000, 0x0000000746400000, 0x0000000746600000|  0%| F|  |TAMS 0x0000000746400000, 0x0000000746400000| Untracked 
|  31|0x0000000746600000, 0x0000000746600000, 0x0000000746800000|  0%| F|  |TAMS 0x0000000746600000, 0x0000000746600000| Untracked 
|  32|0x0000000746800000, 0x0000000746800000, 0x0000000746a00000|  0%| F|  |TAMS 0x0000000746800000, 0x0000000746800000| Untracked 
|  33|0x0000000746a00000, 0x0000000746a00000, 0x0000000746c00000|  0%| F|  |TAMS 0x0000000746a00000, 0x0000000746a00000| Untracked 
|  34|0x0000000746c00000, 0x0000000746c00000, 0x0000000746e00000|  0%| F|  |TAMS 0x0000000746c00000, 0x0000000746c00000| Untracked 
|  35|0x0000000746e00000, 0x0000000746e00000, 0x0000000747000000|  0%| F|  |TAMS 0x0000000746e00000, 0x0000000746e00000| Untracked 
|  36|0x0000000747000000, 0x0000000747000000, 0x0000000747200000|  0%| F|  |TAMS 0x0000000747000000, 0x0000000747000000| Untracked 
|  37|0x0000000747200000, 0x0000000747200000, 0x0000000747400000|  0%| F|  |TAMS 0x0000000747200000, 0x0000000747200000| Untracked 
|  38|0x0000000747400000, 0x0000000747400000, 0x0000000747600000|  0%| F|  |TAMS 0x0000000747400000, 0x0000000747400000| Untracked 
|  39|0x0000000747600000, 0x0000000747600000, 0x0000000747800000|  0%| F|  |TAMS 0x0000000747600000, 0x0000000747600000| Untracked 
|  40|0x0000000747800000, 0x0000000747800000, 0x0000000747a00000|  0%| F|  |TAMS 0x0000000747800000, 0x0000000747800000| Untracked 
|  41|0x0000000747a00000, 0x0000000747a00000, 0x0000000747c00000|  0%| F|  |TAMS 0x0000000747a00000, 0x0000000747a00000| Untracked 
|  42|0x0000000747c00000, 0x0000000747c00000, 0x0000000747e00000|  0%| F|  |TAMS 0x0000000747c00000, 0x0000000747c00000| Untracked 
|  43|0x0000000747e00000, 0x0000000747e00000, 0x0000000748000000|  0%| F|  |TAMS 0x0000000747e00000, 0x0000000747e00000| Untracked 
|  44|0x0000000748000000, 0x0000000748000000, 0x0000000748200000|  0%| F|  |TAMS 0x0000000748000000, 0x0000000748000000| Untracked 
|  45|0x0000000748200000, 0x0000000748200000, 0x0000000748400000|  0%| F|  |TAMS 0x0000000748200000, 0x0000000748200000| Untracked 
|  46|0x0000000748400000, 0x0000000748400000, 0x0000000748600000|  0%| F|  |TAMS 0x0000000748400000, 0x0000000748400000| Untracked 
|  47|0x0000000748600000, 0x0000000748600000, 0x0000000748800000|  0%| F|  |TAMS 0x0000000748600000, 0x0000000748600000| Untracked 
|  48|0x0000000748800000, 0x0000000748800000, 0x0000000748a00000|  0%| F|  |TAMS 0x0000000748800000, 0x0000000748800000| Untracked 
|  49|0x0000000748a00000, 0x0000000748a00000, 0x0000000748c00000|  0%| F|  |TAMS 0x0000000748a00000, 0x0000000748a00000| Untracked 
|  50|0x0000000748c00000, 0x0000000748c00000, 0x0000000748e00000|  0%| F|  |TAMS 0x0000000748c00000, 0x0000000748c00000| Untracked 
|  51|0x0000000748e00000, 0x0000000748e00000, 0x0000000749000000|  0%| F|  |TAMS 0x0000000748e00000, 0x0000000748e00000| Untracked 
|  52|0x0000000749000000, 0x0000000749000000, 0x0000000749200000|  0%| F|  |TAMS 0x0000000749000000, 0x0000000749000000| Untracked 
|  53|0x0000000749200000, 0x0000000749200000, 0x0000000749400000|  0%| F|  |TAMS 0x0000000749200000, 0x0000000749200000| Untracked 
|  54|0x0000000749400000, 0x0000000749400000, 0x0000000749600000|  0%| F|  |TAMS 0x0000000749400000, 0x0000000749400000| Untracked 
|  55|0x0000000749600000, 0x0000000749600000, 0x0000000749800000|  0%| F|  |TAMS 0x0000000749600000, 0x0000000749600000| Untracked 
|  56|0x0000000749800000, 0x0000000749800000, 0x0000000749a00000|  0%| F|  |TAMS 0x0000000749800000, 0x0000000749800000| Untracked 
|  57|0x0000000749a00000, 0x0000000749a00000, 0x0000000749c00000|  0%| F|  |TAMS 0x0000000749a00000, 0x0000000749a00000| Untracked 
|  58|0x0000000749c00000, 0x0000000749c00000, 0x0000000749e00000|  0%| F|  |TAMS 0x0000000749c00000, 0x0000000749c00000| Untracked 
|  59|0x0000000749e00000, 0x0000000749e00000, 0x000000074a000000|  0%| F|  |TAMS 0x0000000749e00000, 0x0000000749e00000| Untracked 
|  60|0x000000074a000000, 0x000000074a000000, 0x000000074a200000|  0%| F|  |TAMS 0x000000074a000000, 0x000000074a000000| Untracked 
|  61|0x000000074a200000, 0x000000074a200000, 0x000000074a400000|  0%| F|  |TAMS 0x000000074a200000, 0x000000074a200000| Untracked 
|  62|0x000000074a400000, 0x000000074a400000, 0x000000074a600000|  0%| F|  |TAMS 0x000000074a400000, 0x000000074a400000| Untracked 
|  63|0x000000074a600000, 0x000000074a600000, 0x000000074a800000|  0%| F|  |TAMS 0x000000074a600000, 0x000000074a600000| Untracked 
|  64|0x000000074a800000, 0x000000074a800000, 0x000000074aa00000|  0%| F|  |TAMS 0x000000074a800000, 0x000000074a800000| Untracked 
|  65|0x000000074aa00000, 0x000000074aa00000, 0x000000074ac00000|  0%| F|  |TAMS 0x000000074aa00000, 0x000000074aa00000| Untracked 
|  66|0x000000074ac00000, 0x000000074ac00000, 0x000000074ae00000|  0%| F|  |TAMS 0x000000074ac00000, 0x000000074ac00000| Untracked 
|  67|0x000000074ae00000, 0x000000074ae00000, 0x000000074b000000|  0%| F|  |TAMS 0x000000074ae00000, 0x000000074ae00000| Untracked 
|  68|0x000000074b000000, 0x000000074b000000, 0x000000074b200000|  0%| F|  |TAMS 0x000000074b000000, 0x000000074b000000| Untracked 
|  69|0x000000074b200000, 0x000000074b200000, 0x000000074b400000|  0%| F|  |TAMS 0x000000074b200000, 0x000000074b200000| Untracked 
|  70|0x000000074b400000, 0x000000074b400000, 0x000000074b600000|  0%| F|  |TAMS 0x000000074b400000, 0x000000074b400000| Untracked 
|  71|0x000000074b600000, 0x000000074b600000, 0x000000074b800000|  0%| F|  |TAMS 0x000000074b600000, 0x000000074b600000| Untracked 
|  72|0x000000074b800000, 0x000000074b800000, 0x000000074ba00000|  0%| F|  |TAMS 0x000000074b800000, 0x000000074b800000| Untracked 
|  73|0x000000074ba00000, 0x000000074ba00000, 0x000000074bc00000|  0%| F|  |TAMS 0x000000074ba00000, 0x000000074ba00000| Untracked 
|  74|0x000000074bc00000, 0x000000074bc00000, 0x000000074be00000|  0%| F|  |TAMS 0x000000074bc00000, 0x000000074bc00000| Untracked 
|  75|0x000000074be00000, 0x000000074be00000, 0x000000074c000000|  0%| F|  |TAMS 0x000000074be00000, 0x000000074be00000| Untracked 
|  76|0x000000074c000000, 0x000000074c000000, 0x000000074c200000|  0%| F|  |TAMS 0x000000074c000000, 0x000000074c000000| Untracked 
|  77|0x000000074c200000, 0x000000074c200000, 0x000000074c400000|  0%| F|  |TAMS 0x000000074c200000, 0x000000074c200000| Untracked 
|  78|0x000000074c400000, 0x000000074c400000, 0x000000074c600000|  0%| F|  |TAMS 0x000000074c400000, 0x000000074c400000| Untracked 
|  79|0x000000074c600000, 0x000000074c600000, 0x000000074c800000|  0%| F|  |TAMS 0x000000074c600000, 0x000000074c600000| Untracked 
|  80|0x000000074c800000, 0x000000074c800000, 0x000000074ca00000|  0%| F|  |TAMS 0x000000074c800000, 0x000000074c800000| Untracked 
|  81|0x000000074ca00000, 0x000000074ca00000, 0x000000074cc00000|  0%| F|  |TAMS 0x000000074ca00000, 0x000000074ca00000| Untracked 
|  82|0x000000074cc00000, 0x000000074cc00000, 0x000000074ce00000|  0%| F|  |TAMS 0x000000074cc00000, 0x000000074cc00000| Untracked 
|  83|0x000000074ce00000, 0x000000074ce00000, 0x000000074d000000|  0%| F|  |TAMS 0x000000074ce00000, 0x000000074ce00000| Untracked 
|  84|0x000000074d000000, 0x000000074d000000, 0x000000074d200000|  0%| F|  |TAMS 0x000000074d000000, 0x000000074d000000| Untracked 
|  85|0x000000074d200000, 0x000000074d200000, 0x000000074d400000|  0%| F|  |TAMS 0x000000074d200000, 0x000000074d200000| Untracked 
|  86|0x000000074d400000, 0x000000074d400000, 0x000000074d600000|  0%| F|  |TAMS 0x000000074d400000, 0x000000074d400000| Untracked 
|  87|0x000000074d600000, 0x000000074d600000, 0x000000074d800000|  0%| F|  |TAMS 0x000000074d600000, 0x000000074d600000| Untracked 
|  88|0x000000074d800000, 0x000000074d800000, 0x000000074da00000|  0%| F|  |TAMS 0x000000074d800000, 0x000000074d800000| Untracked 
|  89|0x000000074da00000, 0x000000074da7ba30, 0x000000074dc00000| 24%| E|  |TAMS 0x000000074da00000, 0x000000074da00000| Complete 
|  90|0x000000074dc00000, 0x000000074de00000, 0x000000074de00000|100%| E|CS|TAMS 0x000000074dc00000, 0x000000074dc00000| Complete 
|  91|0x000000074de00000, 0x000000074e000000, 0x000000074e000000|100%| E|CS|TAMS 0x000000074de00000, 0x000000074de00000| Complete 
|  92|0x000000074e000000, 0x000000074e200000, 0x000000074e200000|100%| E|  |TAMS 0x000000074e000000, 0x000000074e000000| Complete 
|  93|0x000000074e200000, 0x000000074e400000, 0x000000074e400000|100%| E|CS|TAMS 0x000000074e200000, 0x000000074e200000| Complete 
|  94|0x000000074e400000, 0x000000074e600000, 0x000000074e600000|100%| E|CS|TAMS 0x000000074e400000, 0x000000074e400000| Complete 

Card table byte_map: [0x0000013612090000,0x0000013612680000] _byte_map_base: 0x000001360e67c000

Marking Bits (Prev, Next): (CMBitMap*) 0x00000136071e2eb0, (CMBitMap*) 0x00000136071e2ef0
 Prev Bits: [0x0000013612c70000, 0x0000013615bd0000)
 Next Bits: [0x0000013615bd0000, 0x0000013618b30000)

Polling page: 0x0000013605010000

Metaspace:

Usage:
  Non-class:      2.89 MB used.
      Class:    393.83 KB used.
       Both:      3.28 MB used.

Virtual space:
  Non-class space:       64.00 MB reserved,       3.00 MB (  5%) committed,  1 nodes.
      Class space:        1.00 GB reserved,     448.00 KB ( <1%) committed,  1 nodes.
             Both:        1.06 GB reserved,       3.44 MB ( <1%) committed. 

Chunk freelists:
   Non-Class:  3.93 MB
       Class:  3.59 MB
        Both:  7.51 MB

MaxMetaspaceSize: unlimited
CompressedClassSpaceSize: 1.00 GB
Initial GC threshold: 21.00 MB
Current GC threshold: 21.00 MB
CDS: on
MetaspaceReclaimPolicy: balanced
 - commit_granule_bytes: 65536.
 - commit_granule_words: 8192.
 - virtual_space_node_default_size: 8388608.
 - enlarge_chunks_in_place: 1.
 - new_chunks_are_fully_committed: 0.
 - uncommit_free_chunks: 1.
 - use_allocation_guard: 0.


Internal statistics:

num_allocs_failed_limit: 0.
num_arena_births: 78.
num_arena_deaths: 0.
num_vsnodes_births: 2.
num_vsnodes_deaths: 0.
num_space_committed: 55.
num_space_uncommitted: 0.
num_chunks_returned_to_freelist: 0.
num_chunks_taken_from_freelist: 80.
num_chunk_merges: 0.
num_chunk_splits: 58.
num_chunks_enlarged: 38.
num_inconsistent_stats: 0.

CodeCache: size=49152Kb used=3259Kb max_used=3259Kb free=45892Kb
 bounds [0x000001360eaa0000, 0x000001360edd0000, 0x0000013611aa0000]
 total_blobs=1216 nmethods=792 adapters=350
 compilation: enabled
              stopped_count=0, restarted_count=0
 full_count=0

Compilation events (20 events):
Event: 0.377 Thread 0x000001361ad5d570  783       1       sun.invoke.util.Wrapper::isSubwordOrInt (20 bytes)
Event: 0.377 Thread 0x000001361f03a4b0 nmethod 776 0x000001360edca590 code [0x000001360edca7a0, 0x000001360edcad48]
Event: 0.377 Thread 0x000001361f03a4b0  784       1       sun.invoke.util.Wrapper::isIntegral (23 bytes)
Event: 0.377 Thread 0x000001361ad5d570 nmethod 783 0x000001360edcb310 code [0x000001360edcb4a0, 0x000001360edcb5f8]
Event: 0.377 Thread 0x000001361ad5d570  785       1       sun.invoke.util.Wrapper::isNumeric (16 bytes)
Event: 0.377 Thread 0x000001361ad8a620 nmethod 780 0x000001360edcb690 code [0x000001360edcb880, 0x000001360edcbe28]
Event: 0.377 Thread 0x000001361f03a4b0 nmethod 784 0x000001360edcc090 code [0x000001360edcc220, 0x000001360edcc338]
Event: 0.377 Thread 0x000001361ad5d570 nmethod 785 0x000001360edcc390 code [0x000001360edcc520, 0x000001360edcc5f8]
Event: 0.378 Thread 0x000001361ad5d570  788       1       java.lang.invoke.LambdaForm$BasicType::basicType (187 bytes)
Event: 0.378 Thread 0x000001361ad5d570 nmethod 788 0x000001360edcc990 code [0x000001360edccbc0, 0x000001360edcd148]
Event: 0.378 Thread 0x000001361ad8a620  789       1       jdk.internal.org.objectweb.asm.SymbolTable::addTypeInternal (85 bytes)
Event: 0.378 Thread 0x000001361f03a4b0  791       1       jdk.internal.org.objectweb.asm.AnnotationWriter::computeAnnotationsSize (66 bytes)
Event: 0.378 Thread 0x000001361ad5d570  790       1       jdk.internal.org.objectweb.asm.Attribute::computeAttributesSize (62 bytes)
Event: 0.378 Thread 0x000001361ad8a620 nmethod 789 0x000001360edcd310 code [0x000001360edcd4e0, 0x000001360edcd9b8]
Event: 0.378 Thread 0x000001361ad8a620  792       1       jdk.internal.org.objectweb.asm.Attribute::putAttributes (78 bytes)
Event: 0.378 Thread 0x000001361f03a4b0 nmethod 791 0x000001360edcdb90 code [0x000001360edcdd60, 0x000001360edcdf38]
Event: 0.378 Thread 0x000001361ad5d570 nmethod 790 0x000001360edce110 code [0x000001360edce2c0, 0x000001360edce488]
Event: 0.379 Thread 0x000001361ad8a620 nmethod 792 0x000001360edce610 code [0x000001360edce820, 0x000001360edceaf8]
Event: 0.381 Thread 0x000001361ad5d570  793       1       sun.security.provider.ByteArrayAccess::b2iBig64 (231 bytes)
Event: 0.382 Thread 0x000001361ad8a620  794       1       jdk.internal.org.objectweb.asm.MethodVisitor::<init> (88 bytes)

GC Heap History (0 events):
No events

Deoptimization events (0 events):
No events

Classes loaded (20 events):
Event: 0.372 Loading class sun/nio/fs/WindowsDirectoryStream$WindowsDirectoryIterator
Event: 0.372 Loading class sun/nio/fs/WindowsDirectoryStream$WindowsDirectoryIterator done
Event: 0.372 Loading class sun/nio/fs/WindowsPath$WindowsPathWithAttributes
Event: 0.372 Loading class sun/nio/fs/BasicFileAttributesHolder
Event: 0.372 Loading class sun/nio/fs/BasicFileAttributesHolder done
Event: 0.372 Loading class sun/nio/fs/WindowsPath$WindowsPathWithAttributes done
Event: 0.379 Loading class sun/security/provider/AbstractDrbg$NonceProvider
Event: 0.379 Loading class sun/security/provider/AbstractDrbg$NonceProvider done
Event: 0.379 Loading class sun/security/provider/SHA2$SHA256
Event: 0.380 Loading class sun/security/provider/SHA2
Event: 0.380 Loading class sun/security/provider/SHA2 done
Event: 0.380 Loading class sun/security/provider/SHA2$SHA256 done
Event: 0.381 Loading class sun/rmi/transport/tcp/TCPEndpoint
Event: 0.381 Loading class sun/rmi/transport/Endpoint
Event: 0.381 Loading class sun/rmi/transport/Endpoint done
Event: 0.381 Loading class sun/rmi/transport/tcp/TCPEndpoint done
Event: 0.381 Loading class sun/rmi/transport/tcp/TCPTransport
Event: 0.381 Loading class sun/rmi/transport/Transport
Event: 0.382 Loading class sun/rmi/transport/Transport done
Event: 0.382 Loading class sun/rmi/transport/tcp/TCPTransport done

Classes unloaded (0 events):
No events

Classes redefined (0 events):
No events

Internal exceptions (10 events):
Event: 0.214 Thread 0x0000013607182940 Exception <a 'java/lang/NoSuchMethodError'{0x000000074df4d978}: 'java.lang.Object java.lang.invoke.DirectMethodHandle$Holder.invokeStaticInit(java.lang.Object)'> (0x000000074df4d978) 
thrown [t:\workspace\open\src\hotspot\share\interpreter\linkResolver.cpp, line 766]
Event: 0.232 Thread 0x0000013607182940 Exception <a 'java/lang/NoSuchMethodError'{0x000000074df8ac18}: 'int java.lang.invoke.DirectMethodHandle$Holder.invokeInterface(java.lang.Object, java.lang.Object)'> (0x000000074df8ac18) 
thrown [t:\workspace\open\src\hotspot\share\interpreter\linkResolver.cpp, line 766]
Event: 0.232 Thread 0x0000013607182940 Exception <a 'java/lang/IncompatibleClassChangeError'{0x000000074df8e210}: Found class java.lang.Object, but interface was expected> (0x000000074df8e210) 
thrown [t:\workspace\open\src\hotspot\share\interpreter\linkResolver.cpp, line 833]
Event: 0.233 Thread 0x0000013607182940 Exception <a 'java/lang/NoSuchMethodError'{0x000000074df940d8}: 'void java.lang.invoke.DirectMethodHandle$Holder.invokeStatic(java.lang.Object, java.lang.Object)'> (0x000000074df940d8) 
thrown [t:\workspace\open\src\hotspot\share\interpreter\linkResolver.cpp, line 766]
Event: 0.278 Thread 0x0000013607182940 Exception <a 'java/lang/NoSuchMethodError'{0x000000074dc696c8}: 'int java.lang.invoke.DirectMethodHandle$Holder.invokeSpecial(java.lang.Object, java.lang.Object, java.lang.Object)'> (0x000000074dc696c8) 
thrown [t:\workspace\open\src\hotspot\share\interpreter\linkResolver.cpp, line 766]
Event: 0.316 Thread 0x0000013607182940 Exception <a 'java/lang/NoSuchMethodError'{0x000000074dd6a518}: 'void java.lang.invoke.DirectMethodHandle$Holder.invokeStatic(java.lang.Object, java.lang.Object, java.lang.Object)'> (0x000000074dd6a518) 
thrown [t:\workspace\open\src\hotspot\share\interpreter\linkResolver.cpp, line 766]
Event: 0.339 Thread 0x0000013607182940 Exception <a 'java/lang/NoSuchMethodError'{0x000000074ddb4c20}: 'int java.lang.invoke.DirectMethodHandle$Holder.invokeSpecialIFC(java.lang.Object, java.lang.Object, java.lang.Object)'> (0x000000074ddb4c20) 
thrown [t:\workspace\open\src\hotspot\share\interpreter\linkResolver.cpp, line 766]
Event: 0.360 Thread 0x0000013607182940 Exception <a 'java/lang/NoSuchMethodError'{0x000000074da2c110}: 'java.lang.Object java.lang.invoke.DirectMethodHandle$Holder.invokeStaticInit(java.lang.Object, int, int, int, int)'> (0x000000074da2c110) 
thrown [t:\workspace\open\src\hotspot\share\interpreter\linkResolver.cpp, line 766]
Event: 0.371 Thread 0x0000013607182940 Exception <a 'java/net/SocketException'{0x000000074da3dcd0}> (0x000000074da3dcd0) 
thrown [t:\workspace\open\src\hotspot\share\prims\jni.cpp, line 516]
Event: 0.378 Thread 0x0000013607182940 Exception <a 'java/lang/NoSuchMethodError'{0x000000074da635f0}: 'java.lang.Object java.lang.invoke.DirectMethodHandle$Holder.invokeStaticInit(java.lang.Object, java.lang.Object, int, int, int, int)'> (0x000000074da635f0) 
thrown [t:\workspace\open\src\hotspot\share\interpreter\linkResolver.cpp, line 766]

VM Operations (10 events):
Event: 0.129 Executing VM operation: HandshakeAllThreads
Event: 0.129 Executing VM operation: HandshakeAllThreads done
Event: 0.238 Executing VM operation: HandshakeAllThreads
Event: 0.238 Executing VM operation: HandshakeAllThreads done
Event: 0.325 Executing VM operation: HandshakeAllThreads
Event: 0.325 Executing VM operation: HandshakeAllThreads done
Event: 0.351 Executing VM operation: HandshakeAllThreads
Event: 0.351 Executing VM operation: HandshakeAllThreads done
Event: 0.371 Executing VM operation: HandshakeAllThreads
Event: 0.371 Executing VM operation: HandshakeAllThreads done

Events (20 events):
Event: 0.027 Loaded shared library C:\Program Files\Java\jdk-18\bin\jsvml.dll
Event: 0.027 Thread 0x0000013607182940 Thread added: 0x0000013607182940
Event: 0.038 Thread 0x000001361ad6f400 Thread added: 0x000001361ad6f400
Event: 0.038 Thread 0x000001361ad70850 Thread added: 0x000001361ad70850
Event: 0.050 Thread 0x000001361ad84c80 Thread added: 0x000001361ad84c80
Event: 0.050 Thread 0x000001361ad857f0 Thread added: 0x000001361ad857f0
Event: 0.051 Thread 0x000001361ad874b0 Thread added: 0x000001361ad874b0
Event: 0.051 Thread 0x000001361ad87d60 Thread added: 0x000001361ad87d60
Event: 0.051 Thread 0x000001361ad8a620 Thread added: 0x000001361ad8a620
Event: 0.057 Thread 0x000001361adbcae0 Thread added: 0x000001361adbcae0
Event: 0.118 Thread 0x000001361adf6430 Thread added: 0x000001361adf6430
Event: 0.129 Thread 0x000001361ad5d570 Thread added: 0x000001361ad5d570
Event: 0.130 Thread 0x000001361f03a4b0 Thread added: 0x000001361f03a4b0
Event: 0.141 Thread 0x000001361f078600 Thread added: 0x000001361f078600
Event: 0.148 Loaded shared library C:\Program Files\Java\jdk-18\bin\jimage.dll
Event: 0.153 Loaded shared library C:\Program Files\Java\jdk-18\bin\net.dll
Event: 0.154 Loaded shared library C:\Program Files\Java\jdk-18\bin\nio.dll
Event: 0.156 Loaded shared library C:\Program Files\Java\jdk-18\bin\zip.dll
Event: 0.215 Loaded shared library C:\Program Files\Java\jdk-18\bin\management.dll
Event: 0.229 Loaded shared library C:\Program Files\Java\jdk-18\bin\management_ext.dll


Dynamic libraries:
0x00007ff63d050000 - 0x00007ff63d060000 	C:\Program Files\Java\jdk-18\bin\javaw.exe
0x00007ffc5d750000 - 0x00007ffc5d948000 	C:\WINDOWS\SYSTEM32\ntdll.dll
0x00007ffc5b800000 - 0x00007ffc5b8c2000 	C:\WINDOWS\System32\KERNEL32.DLL
0x00007ffc5b160000 - 0x00007ffc5b45e000 	C:\WINDOWS\System32\KERNELBASE.dll
0x00007ffc5b060000 - 0x00007ffc5b160000 	C:\WINDOWS\System32\ucrtbase.dll
0x00007ffc51820000 - 0x00007ffc51838000 	C:\Program Files\Java\jdk-18\bin\jli.dll
0x00007ffc5bee0000 - 0x00007ffc5bf92000 	C:\WINDOWS\System32\ADVAPI32.dll
0x00007ffc5c5a0000 - 0x00007ffc5c63e000 	C:\WINDOWS\System32\msvcrt.dll
0x00007ffc5cf40000 - 0x00007ffc5cfe0000 	C:\WINDOWS\System32\sechost.dll
0x00007ffc5bdb0000 - 0x00007ffc5bed3000 	C:\WINDOWS\System32\RPCRT4.dll
0x00007ffc5aea0000 - 0x00007ffc5aec7000 	C:\WINDOWS\System32\bcrypt.dll
0x00007ffc5b8d0000 - 0x00007ffc5ba6d000 	C:\WINDOWS\System32\USER32.dll
0x00007ffc5b030000 - 0x00007ffc5b052000 	C:\WINDOWS\System32\win32u.dll
0x00007ffc5b770000 - 0x00007ffc5b79b000 	C:\WINDOWS\System32\GDI32.dll
0x00007ffc5b4f0000 - 0x00007ffc5b607000 	C:\WINDOWS\System32\gdi32full.dll
0x00007ffc5af40000 - 0x00007ffc5afdd000 	C:\WINDOWS\System32\msvcp_win.dll
0x00007ffc4f3a0000 - 0x00007ffc4f3ba000 	C:\Program Files\Java\jdk-18\bin\VCRUNTIME140.dll
0x00007ffc49900000 - 0x00007ffc49b9a000 	C:\WINDOWS\WinSxS\amd64_microsoft.windows.common-controls_6595b64144ccf1df_6.0.19041.4355_none_60b8b9eb71f62e16\COMCTL32.dll
0x00007ffc544b0000 - 0x00007ffc544ba000 	C:\WINDOWS\SYSTEM32\VERSION.dll
0x00007ffc5c570000 - 0x00007ffc5c59f000 	C:\WINDOWS\System32\IMM32.DLL
0x00007ffc56220000 - 0x00007ffc5622c000 	C:\Program Files\Java\jdk-18\bin\vcruntime140_1.dll
0x00007ffc4a280000 - 0x00007ffc4a30d000 	C:\Program Files\Java\jdk-18\bin\msvcp140.dll
0x00007ffbdb090000 - 0x00007ffbdbca1000 	C:\Program Files\Java\jdk-18\bin\server\jvm.dll
0x00007ffc5bb40000 - 0x00007ffc5bb48000 	C:\WINDOWS\System32\PSAPI.DLL
0x00007ffc3e880000 - 0x00007ffc3e889000 	C:\WINDOWS\SYSTEM32\WSOCK32.dll
0x00007ffc5c640000 - 0x00007ffc5c6ab000 	C:\WINDOWS\System32\WS2_32.dll
0x00007ffc42480000 - 0x00007ffc424a7000 	C:\WINDOWS\SYSTEM32\WINMM.dll
0x00007ffc58c30000 - 0x00007ffc58c42000 	C:\WINDOWS\SYSTEM32\kernel.appcore.dll
0x00007ffc51760000 - 0x00007ffc5176a000 	C:\Program Files\Java\jdk-18\bin\jimage.dll
0x00007ffc54210000 - 0x00007ffc543f4000 	C:\WINDOWS\SYSTEM32\DBGHELP.DLL
0x00007ffc40430000 - 0x00007ffc40464000 	C:\WINDOWS\SYSTEM32\dbgcore.DLL
0x00007ffc5b460000 - 0x00007ffc5b4e2000 	C:\WINDOWS\System32\bcryptPrimitives.dll
0x00007ffc4e9d0000 - 0x00007ffc4e9f5000 	C:\Program Files\Java\jdk-18\bin\java.dll
0x00007ffc2bfd0000 - 0x00007ffc2c0a6000 	C:\Program Files\Java\jdk-18\bin\jsvml.dll
0x00007ffc5c7d0000 - 0x00007ffc5cf3f000 	C:\WINDOWS\System32\SHELL32.dll
0x00007ffc58e30000 - 0x00007ffc595d4000 	C:\WINDOWS\SYSTEM32\windows.storage.dll
0x00007ffc5bfa0000 - 0x00007ffc5c2f3000 	C:\WINDOWS\System32\combase.dll
0x00007ffc5a750000 - 0x00007ffc5a77e000 	C:\WINDOWS\SYSTEM32\Wldp.dll
0x00007ffc5ba70000 - 0x00007ffc5bb3d000 	C:\WINDOWS\System32\OLEAUT32.dll
0x00007ffc5d660000 - 0x00007ffc5d70d000 	C:\WINDOWS\System32\SHCORE.dll
0x00007ffc5c6b0000 - 0x00007ffc5c705000 	C:\WINDOWS\System32\shlwapi.dll
0x00007ffc5ad20000 - 0x00007ffc5ad44000 	C:\WINDOWS\SYSTEM32\profapi.dll
0x00007ffc4e700000 - 0x00007ffc4e713000 	C:\Program Files\Java\jdk-18\bin\net.dll
0x00007ffc49d50000 - 0x00007ffc49e5d000 	C:\WINDOWS\SYSTEM32\WINHTTP.dll
0x00007ffc5a4b0000 - 0x00007ffc5a51a000 	C:\WINDOWS\system32\mswsock.dll
0x00007ffc4e6e0000 - 0x00007ffc4e6f6000 	C:\Program Files\Java\jdk-18\bin\nio.dll
0x00007ffc4ea40000 - 0x00007ffc4ea58000 	C:\Program Files\Java\jdk-18\bin\zip.dll
0x00007ffc57c60000 - 0x00007ffc57c69000 	C:\Program Files\Java\jdk-18\bin\management.dll
0x00007ffc56250000 - 0x00007ffc5625b000 	C:\Program Files\Java\jdk-18\bin\management_ext.dll
0x00007ffc41190000 - 0x00007ffc411a7000 	C:\WINDOWS\system32\napinsp.dll
0x00007ffc41170000 - 0x00007ffc4118b000 	C:\WINDOWS\system32\pnrpnsp.dll
0x00007ffc3e5d0000 - 0x00007ffc3e5e2000 	C:\WINDOWS\System32\winrnr.dll
0x00007ffc5a1d0000 - 0x00007ffc5a29a000 	C:\WINDOWS\SYSTEM32\DNSAPI.dll
0x00007ffc5a190000 - 0x00007ffc5a1cb000 	C:\WINDOWS\SYSTEM32\IPHLPAPI.DLL
0x00007ffc5c7c0000 - 0x00007ffc5c7c8000 	C:\WINDOWS\System32\NSI.dll
0x00007ffc48290000 - 0x00007ffc4829a000 	C:\Windows\System32\rasadhlp.dll
0x00007ffc47cf0000 - 0x00007ffc47d70000 	C:\WINDOWS\System32\fwpuclnt.dll
0x00007ffc5a6a0000 - 0x00007ffc5a6b8000 	C:\WINDOWS\SYSTEM32\CRYPTSP.dll
0x00007ffc59da0000 - 0x00007ffc59dd4000 	C:\WINDOWS\system32\rsaenh.dll
0x00007ffc5aca0000 - 0x00007ffc5acce000 	C:\WINDOWS\SYSTEM32\USERENV.dll
0x00007ffc5a6c0000 - 0x00007ffc5a6cc000 	C:\WINDOWS\SYSTEM32\CRYPTBASE.dll
0x00007ffc4ad10000 - 0x00007ffc4ad27000 	C:\WINDOWS\SYSTEM32\dhcpcsvc6.DLL

dbghelp: loaded successfully - version: 4.0.5 - missing functions: none
symbol engine: initialized successfully - sym options: 0x614 - pdb path: .;C:\Program Files\Java\jdk-18\bin;C:\WINDOWS\SYSTEM32;C:\WINDOWS\WinSxS\amd64_microsoft.windows.common-controls_6595b64144ccf1df_6.0.19041.4355_none_60b8b9eb71f62e16;C:\Program Files\Java\jdk-18\bin\server

VM Arguments:
jvm_args: -Dcom.sun.management.jmxremote -Dcom.sun.management.jmxremote.port=62813 -Dcom.sun.management.jmxremote.authenticate=false -Dcom.sun.management.jmxremote.ssl=false -Djava.rmi.server.hostname=localhost -Dspring.jmx.enabled=true -Dmanagement.endpoints.jmx.exposure.include=* -Dspring.application.admin.enabled=true -XX:TieredStopAtLevel=1 -Dspring.boot.project.name=Revision_Project -Dfile.encoding=UTF-8 -XX:+ShowCodeDetailsInExceptionMessages 
java_command: com.app.prac.RevisionProjectApplication --spring.output.ansi.enabled=always
java_class_path (initial): J:\Spring Boot\Revision\Spring_Boot_Revision\Revision_Project\target\classes;C:\Users\Admin\.m2\repository\org\springframework\boot\spring-boot-starter-data-jpa\3.4.0\spring-boot-starter-data-jpa-3.4.0.jar;C:\Users\Admin\.m2\repository\org\springframework\boot\spring-boot-starter\3.4.0\spring-boot-starter-3.4.0.jar;C:\Users\Admin\.m2\repository\org\springframework\boot\spring-boot\3.4.0\spring-boot-3.4.0.jar;C:\Users\Admin\.m2\repository\org\springframework\boot\spring-boot-autoconfigure\3.4.0\spring-boot-autoconfigure-3.4.0.jar;C:\Users\Admin\.m2\repository\org\springframework\boot\spring-boot-starter-logging\3.4.0\spring-boot-starter-logging-3.4.0.jar;C:\Users\Admin\.m2\repository\ch\qos\logback\logback-classic\1.5.12\logback-classic-1.5.12.jar;C:\Users\Admin\.m2\repository\ch\qos\logback\logback-core\1.5.12\logback-core-1.5.12.jar;C:\Users\Admin\.m2\repository\org\apache\logging\log4j\log4j-to-slf4j\2.24.1\log4j-to-slf4j-2.24.1.jar;C:\Users\Admin\.m2\repository\org\apache\logging\log4j\log4j-api\2.24.1\log4j-api-2.24.1.jar;C:\Users\Admin\.m2\repository\org\slf4j\jul-to-slf4j\2.0.16\jul-to-slf4j-2.0.16.jar;C:\Users\Admin\.m2\repository\jakarta\annotation\jakarta.annotation-api\2.1.1\jakarta.annotation-api-2.1.1.jar;C:\Users\Admin\.m2\repository\org\yaml\snakeyaml\2.3\snakeyaml-2.3.jar;C:\Users\Admin\.m2\repository\org\springframework\boot\spring-boot-starter-jdbc\3.4.0\spring-boot-starter-jdbc-3.4.0.jar;C:\Users\Admin\.m2\repository\com\zaxxer\HikariCP\5.1.0\HikariCP-5.1.0.jar;C:\Users\Admin\.m2\repository\org\springframework\spring-jdbc\6.2.0\spring-jdbc-6.2.0.jar;C:\Users\Admin\.m2\repository\org\hibernate\orm\hibernate-core\6.6.2.Final\hibernate-core-6.6.2.Final.jar;C:\Users\Admin\.m2\repository\jakarta\persistence\jakarta.persistence-api\3.1.0\jakarta.persistence-api-3.1.0.jar;C:\Users\Admin\.m2\repository\jakarta\transaction\jakarta.transaction-api\2.0.1\jakarta.transaction-api-2.0.1.jar;C:\Users\Admin\.m2\repository\org\jboss\logging\jboss-logging\3.6.1.Final\jboss-logging-3.6.1.Final.jar;C:\Users\Admin\.m2\repository\org\hibernate\common\hibernate-commons-annotations\7.0.3.Final\hibernate-commons-annotations-7.0.3.Final.jar;C:\Users\Admin\.m2\repository\io\smallrye\jandex\3.2.0\jandex-3.2.0.jar;C:\Users\Admin\.m2\repository\com\fasterxml\classmate\1.7.0\classmate-1.7.0.jar;C:\Users\Admin\.m2\repository\net\bytebuddy\byte-buddy\1.15.10\byte-buddy-1.15.10.jar;C:\Users\Admin\.m2\repository\org\glassfish\jaxb\jaxb-runtime\4.0.5\jaxb-runtime-4.0.5.jar;C:\Users\Admin\.m2\repository\org\glassfish\jaxb\jaxb-core\4.0.5\jaxb-core-4.0.5.jar;C:\Users\Admin\.m2\repository\org\eclipse\angus\angus-activation\2.0.2\angus-activation-2.0.2.jar;C:\Users\Admin\.m2\repository\org\glassfish\jaxb\txw2\4.0.5\txw2-4.0.5.jar;C:\Users\Admin\.m2\repository\com\sun\istack\istack-commons-runtime\4.1.2\istack-commons-runtime-4.1.2.jar;C:\Users\Admin\.m2\repository\jakarta\inject\jakarta.inject-api\2.0.1\jakarta.inject-api-2.0.1.jar;C:\Users\Admin\.m2\repository\org\antlr\antlr4-runtime\4.13.0\antlr4-runtime-4.13.0.jar;C:\Users\Admin\.m2\repository\org\springframework\data\spring-data-jpa\3.4.0\spring-data-jpa-3.4.0.jar;C:\Users\Admin\.m2\repository\org\springframework\data\spring-data-commons\3.4.0\spring-data-commons-3.4.0.jar;C:\Users\Admin\.m2\repository\org\springframework\spring-orm\6.2.0\spring-orm-6.2.0.jar;C:\Users\Admin\.m2\repository\org\springframework\spring-context\6.2.0\spring-context-6.2.0.jar;C:\Users\Admin\.m2\repository\org\springframework\spring-aop\6.2.0\spring-aop-6.2.0.jar;C:\Users\Admin\.m2\repository\org\springframework\spring-tx\6.2.0\spring-tx-6.2.0.jar;C:\Users\Admin\.m2\repository\org\springframework\spring-beans\6.2.0\spring-beans-6.2.0.jar;C:\Users\Admin\.m2\repository\org\slf4j\slf4j-api\2.0.16\slf4j-api-2.0.16.jar;C:\Users\Admin\.m2\repository\org\springframework\spring-aspects\6.2.0\spring-aspects-6.2.0.jar;C:\Users\Admin\.m2\repository\org\aspectj\aspectjweaver\1.9.22.1\aspectjweaver-1.9.22.1.jar;C:\Users\Admin\.m2\repository\org\springframework\boot\spring-boot-starter-web\3.4.0\spring-boot-starter-web-3.4.0.jar;C:\Users\Admin\.m2\repository\org\springframework\boot\spring-boot-starter-json\3.4.0\spring-boot-starter-json-3.4.0.jar;C:\Users\Admin\.m2\repository\com\fasterxml\jackson\core\jackson-databind\2.18.1\jackson-databind-2.18.1.jar;C:\Users\Admin\.m2\repository\com\fasterxml\jackson\core\jackson-annotations\2.18.1\jackson-annotations-2.18.1.jar;C:\Users\Admin\.m2\repository\com\fasterxml\jackson\core\jackson-core\2.18.1\jackson-core-2.18.1.jar;C:\Users\Admin\.m2\repository\com\fasterxml\jackson\datatype\jackson-datatype-jdk8\2.18.1\jackson-datatype-jdk8-2.18.1.jar;C:\Users\Admin\.m2\repository\com\fasterxml\jackson\datatype\jackson-datatype-jsr310\2.18.1\jackson-datatype-jsr310-2.18.1.jar;C:\Users\Admin\.m2\repository\com\fasterxml\jackson\module\jackson-module-parameter-names\2.18.1\jackson-module-parameter-names-2.18.1.jar;C:\Users\Admin\.m2\repository\org\springframework\boot\spring-boot-starter-tomcat\3.4.0\spring-boot-starter-tomcat-3.4.0.jar;C:\Users\Admin\.m2\repository\org\apache\tomcat\embed\tomcat-embed-core\10.1.33\tomcat-embed-core-10.1.33.jar;C:\Users\Admin\.m2\repository\org\apache\tomcat\embed\tomcat-embed-el\10.1.33\tomcat-embed-el-10.1.33.jar;C:\Users\Admin\.m2\repository\org\apache\tomcat\embed\tomcat-embed-websocket\10.1.33\tomcat-embed-websocket-10.1.33.jar;C:\Users\Admin\.m2\repository\org\springframework\spring-web\6.2.0\spring-web-6.2.0.jar;C:\Users\Admin\.m2\repository\io\micrometer\micrometer-observation\1.14.1\micrometer-observation-1.14.1.jar;C:\Users\Admin\.m2\repository\io\micrometer\micrometer-commons\1.14.1\micrometer-commons-1.14.1.jar;C:\Users\Admin\.m2\repository\org\springframework\spring-webmvc\6.2.0\spring-webmvc-6.2.0.jar;C:\Users\Admin\.m2\repository\org\springframework\spring-expression\6.2.0\spring-expression-6.2.0.jar;C:\Users\Admin\.m2\repository\com\mysql\mysql-connector-j\9.1.0\mysql-connector-j-9.1.0.jar;C:\Users\Admin\.m2\repository\org\projectlombok\lombok\1.18.36\lombok-1.18.36.jar;C:\Users\Admin\.m2\repository\jakarta\xml\bind\jakarta.xml.bind-api\4.0.2\jakarta.xml.bind-api-4.0.2.jar;C:\Users\Admin\.m2\repository\jakarta\activation\jakarta.activation-api\2.1.3\jakarta.activation-api-2.1.3.jar;C:\Users\Admin\.m2\repository\org\springframework\spring-core\6.2.0\spring-core-6.2.0.jar;C:\Users\Admin\.m2\repository\org\springframework\spring-jcl\6.2.0\spring-jcl-6.2.0.jar
Launcher Type: SUN_STANDARD

[Global flags]
     intx CICompilerCount                          = 3                                         {product} {ergonomic}
     uint ConcGCThreads                            = 1                                         {product} {ergonomic}
     uint G1ConcRefinementThreads                  = 4                                         {product} {ergonomic}
   size_t G1HeapRegionSize                         = 2097152                                   {product} {ergonomic}
    uintx GCDrainStackTargetSize                   = 64                                        {product} {ergonomic}
   size_t InitialHeapSize                          = 199229440                                 {product} {ergonomic}
     bool ManagementServer                         = true                                      {product} {command line}
   size_t MarkStackSize                            = 4194304                                   {product} {ergonomic}
   size_t MaxHeapSize                              = 3179282432                                {product} {ergonomic}
   size_t MaxNewSize                               = 1906311168                                {product} {ergonomic}
   size_t MinHeapDeltaBytes                        = 2097152                                   {product} {ergonomic}
   size_t MinHeapSize                              = 8388608                                   {product} {ergonomic}
    uintx NonProfiledCodeHeapSize                  = 0                                      {pd product} {ergonomic}
     bool ProfileInterpreter                       = false                                  {pd product} {command line}
    uintx ProfiledCodeHeapSize                     = 0                                      {pd product} {ergonomic}
     bool ShowCodeDetailsInExceptionMessages       = true                                   {manageable} {command line}
   size_t SoftMaxHeapSize                          = 3179282432                             {manageable} {ergonomic}
     intx TieredStopAtLevel                        = 1                                         {product} {command line}
     bool UseCompressedClassPointers               = true                           {product lp64_product} {ergonomic}
     bool UseCompressedOops                        = true                           {product lp64_product} {ergonomic}
     bool UseG1GC                                  = true                                      {product} {ergonomic}
     bool UseLargePagesIndividualAllocation        = false                                  {pd product} {ergonomic}

Logging:
Log output configuration:
 #0: stdout all=warning uptime,level,tags foldmultilines=false
 #1: stderr all=off uptime,level,tags foldmultilines=false

Environment Variables:
PATH=C:\Program Files\Common Files\Oracle\Java\javapath;C:\WINDOWS\system32;C:\WINDOWS;C:\WINDOWS\System32\Wbem;C:\WINDOWS\System32\WindowsPowerShell\v1.0\;C:\WINDOWS\System32\OpenSSH\;C:\MinGW\bin;C:\Program Files\dotnet\;C:\Program Files\Microsoft SQL Server\150\Tools\Binn\;C:\Program Files\Microsoft SQL Server\Client SDK\ODBC\170\Tools\Binn\;C:\Program Files (x86)\Microsoft SQL Server\150\Tools\Binn\;C:\Program Files\Microsoft SQL Server\150\DTS\Binn\;C:\Program Files (x86)\Microsoft SQL Server\150\DTS\Binn\;C:\Program Files\Azure Data Studio\bin;C:\Program Files\Git\cmd;C:\Program Files\apache-maven-3.9.1-bin\apache-maven-3.9.1\bin;C:\Program Files\nodejs\;C:\Program Files\Docker\Docker\resources\bin;C:\Users\Admin\AppData\Local\Programs\Python\Python310\Scripts\;C:\Users\Admin\AppData\Local\Programs\Python\Python310\;C:\Users\Admin\AppData\Local\Microsoft\WindowsApps;C:\Users\Admin\AppData\Local\Programs\Microsoft VS Code\bin;C:\Users\Admin\.dotnet\tools;C:\Program Files\Azure Data Studio\bin;C:\Program Files\JetBrains\IntelliJ IDEA Community Edition 2023.1\bin;;C:\Users\Admin\AppData\Roaming\npm;C:\Program Files\Microsoft Visual Studio\2022\Community\MSBuild\Microsoft\VisualStudio\NodeJs\node_modules\npm\node_modules\node-gyp\gyp\tools
USERNAME=Admin
OS=Windows_NT
PROCESSOR_IDENTIFIER=Intel64 Family 6 Model 142 Stepping 12, GenuineIntel



---------------  S Y S T E M  ---------------

OS:
 Windows 10 , 64 bit Build 19041 (10.0.19041.4957)
OS uptime: 35 days 22:20 hours
Hyper-V role detected

CPU: total 4 (initial active 4) (2 cores per cpu, 2 threads per core) family 6 model 142 stepping 12 microcode 0xde, cx8, cmov, fxsr, ht, mmx, 3dnowpref, sse, sse2, sse3, ssse3, sse4.1, sse4.2, popcnt, lzcnt, tsc, tscinvbit, avx, avx2, aes, erms, clmul, bmi1, bmi2, adx, fma, vzeroupper, clflush, clflushopt, hv

Memory: 4k page, system-wide physical 12122M (640M free)
TotalPageFile size 14170M (AvailPageFile size 2M)
current process WorkingSet (physical memory assigned to process): 48M, peak: 48M
current process commit charge ("private bytes"): 269M, peak: 269M

vm_info: Java HotSpot(TM) 64-Bit Server VM (18+36-2087) for windows-amd64 JRE (18+36-2087), built on Feb 15 2022 09:43:11 by "mach5one" with MS VC++ 16.8 / 16.9 (VS2019)

END.
